{
  "RSpec": {
    "coverage": {
      "/Users/iliastsangaris/dev/revly2/revly2/app/models/user.rb": [
        1,
        1,
        1,
        1,
        null,
        1,
        null,
        null,
        null,
        1,
        null,
        null,
        null,
        1,
        0,
        null,
        null
      ],
      "/Users/iliastsangaris/dev/revly2/revly2/app/helpers/application_helper.rb": [
        1,
        null
      ],
      "/Users/iliastsangaris/dev/revly2/revly2/app/controllers/welcome_controller.rb": [
        1,
        null,
        null
      ],
      "/Users/iliastsangaris/dev/revly2/revly2/app/controllers/application_controller.rb": [
        1,
        null,
        null,
        1,
        null,
        null,
        1,
        null,
        1,
        1,
        4,
        2,
        null,
        4,
        1,
        null,
        null,
        null,
        null
      ]
    },
    "timestamp": 1396739934
  }
}
